<?xml version="1.0" encoding="UTF-8"?>
<!-- Generated by org.testng.reporters.JUnitXMLReporter -->
<testsuite hostname="DESKTOP-59LK8LP" ignored="0" name="Surefire test" tests="0" failures="0" timestamp="11 Mar 2021 04:01:00 GMT" time="0.857" errors="0">
  <testcase name="@BeforeClass setUpClass" time="0.816" classname="io.cucumber.testng.AbstractTestNGCucumberTests">
    <failure type="java.lang.NoSuchMethodError" message="io.cucumber.core.runtime.ObjectFactoryServiceLoader.&amp;lt;init&amp;gt;(Ljava/util/function/Supplier;Lio/cucumber/core/backend/Options;)V">
      <![CDATA[java.lang.NoSuchMethodError: io.cucumber.core.runtime.ObjectFactoryServiceLoader.<init>(Ljava/util/function/Supplier;Lio/cucumber/core/backend/Options;)V
at io.cucumber.testng.TestNGCucumberRunner.<init>(TestNGCucumberRunner.java:95)
at io.cucumber.testng.AbstractTestNGCucumberTests.setUpClass(AbstractTestNGCucumberTests.java:23)
at java.util.concurrent.ThreadPoolExecutor.runWorker(ThreadPoolExecutor.java:1149)
at java.util.concurrent.ThreadPoolExecutor$Worker.run(ThreadPoolExecutor.java:624)
at java.lang.Thread.run(Thread.java:748)
... Removed 11 stack frames]]>
    </failure>
  </testcase> <!-- @BeforeClass setUpClass -->
</testsuite> <!-- Surefire test -->
